c:\users\de2i-150\documents\github\nguyenapp\release\app.myform.resources
c:\users\de2i-150\documents\github\nguyenapp\release\vc120.pdb
c:\users\de2i-150\documents\github\nguyenapp\release\pcie.obj
c:\users\de2i-150\documents\github\nguyenapp\release\converter.obj
c:\users\de2i-150\documents\github\nguyenapp\release\app.obj
c:\users\de2i-150\documents\github\nguyenapp\release\myform.obj
c:\users\de2i-150\documents\github\nguyenapp\release\app.exe
c:\users\de2i-150\documents\github\nguyenapp\release\app.pdb
c:\users\50700176\documents\github\nguyenapp\release\app.vcxproj.generateresource.cache
c:\users\50700176\documents\github\nguyenapp\release\app.vcxprojresolveassemblyreference.cache
c:\users\50700176\documents\github\nguyenapp\release\app.obj
c:\users\50700176\documents\github\nguyenapp\release\converter.obj
c:\users\50700176\documents\github\nguyenapp\release\myform.obj
c:\users\50700176\documents\github\nguyenapp\release\pcie.obj
c:\users\50700176\documents\github\nguyenapp\release\app.myform.resources
c:\users\50700176\documents\github\nguyenapp\release\app.pdb
c:\users\50700176\documents\github\nguyenapp\release\vc120.pdb
c:\users\50700176\documents\github\nguyenapp\release\app.exe
c:\users\50700176\documents\github\nguyenapp\release\app.tlog\app.write.1u.tlog
c:\users\50700176\documents\github\nguyenapp\release\app.tlog\cl.command.1.tlog
c:\users\50700176\documents\github\nguyenapp\release\app.tlog\cl.read.1.tlog
c:\users\50700176\documents\github\nguyenapp\release\app.tlog\cl.write.1.tlog
c:\users\50700176\documents\github\nguyenapp\release\app.tlog\link.command.1.tlog
c:\users\50700176\documents\github\nguyenapp\release\app.tlog\link.read.1.tlog
c:\users\50700176\documents\github\nguyenapp\release\app.tlog\link.write.1.tlog
